<?xml version="1.0" encoding="UTF-8" standalone="no"?><testsuite errors="1" failures="0" name="Check how many products I have in the shopping car" skipped="0" tests="1" time="0.68" timestamp="2025-11-14 09:52:44"><testcase name="Search store website"><error message="system properties: No configuration setting found for key 'pages'" type="com.typesafe.config.ConfigException$Missing">system properties: No configuration setting found for key 'pages'</error><system-err>system properties: No configuration setting found for key 'pages'&#13;
com.typesafe.config.impl.SimpleConfig.findKeyOrNull(SimpleConfig.java:157)&#13;
com.typesafe.config.impl.SimpleConfig.findKey(SimpleConfig.java:150)&#13;
com.typesafe.config.impl.SimpleConfig.findOrNull(SimpleConfig.java:177)&#13;
com.typesafe.config.impl.SimpleConfig.find(SimpleConfig.java:189)&#13;
com.typesafe.config.impl.SimpleConfig.find(SimpleConfig.java:194)&#13;
com.typesafe.config.impl.SimpleConfig.getString(SimpleConfig.java:251)&#13;
co.edu.udea.certificacion.taller.utils.ConfigReader.getString(ConfigReader.java:12)&#13;
co.edu.udea.certificacion.taller.tasks.OpenUrl.performAs(OpenUrl.java:21)&#13;
co.edu.udea.certificacion.taller.stepdefinitions.SaucedemoStepDefinition.iAmInTheGooglePage(SaucedemoStepDefinition.java:37)&#13;
worker.org.gradle.process.internal.worker.GradleWorkerMain.run(GradleWorkerMain.java:69)&#13;
worker.org.gradle.process.internal.worker.GradleWorkerMain.main(GradleWorkerMain.java:74)&#13;
</system-err></testcase></testsuite>