<?xml version="1.0" encoding="UTF-8" standalone="no"?><testsuite errors="0" failures="1" name="Check how many products I have in the shopping car" skipped="0" tests="3" time="4.7" timestamp="2025-11-14 10:57:50"><testcase name="Search store website"/><testcase name="Add elements"/><testcase name="Remove elements"><failure message="Expected condition failed: waiting for By.xpath: //*[@id=&quot;remove-sauce-labs-bolt-t-shirt&quot;] to be present (tried for 5 second(s) with 100 milliseconds interval)&#10;Build info: version: '4.16.1', revision: '9b4c83354e'&#10;System info: os.name: 'Windows 11', os.arch: 'amd64', os.version: '10.0', java.version: '17.0.16'&#10;Driver info: driver.version: unknown" type="net.thucydides.core.webdriver.exceptions.ElementShouldBePresentException">Expected condition failed: waiting for By.xpath: //*[@id="remove-sauce-labs-bolt-t-shirt"] to be present (tried for 5 second(s) with 100 milliseconds interval)
Build info: version: '4.16.1', revision: '9b4c83354e'
System info: os.name: 'Windows 11', os.arch: 'amd64', os.version: '10.0', java.version: '17.0.16'
Driver info: driver.version: unknown</failure><system-err>Expected condition failed: waiting for By.xpath: //*[@id="remove-sauce-labs-bolt-t-shirt"] to be present (tried for 5 second(s) with 100 milliseconds interval)
Build info: version: '4.16.1', revision: '9b4c83354e'
System info: os.name: 'Windows 11', os.arch: 'amd64', os.version: '10.0', java.version: '17.0.16'
Driver info: driver.version: unknown&#13;
co.edu.udea.certificacion.taller.tasks.Saucedemo.RemoveElement.performAs(RemoveElement.java:17)&#13;
co.edu.udea.certificacion.taller.stepdefinitions.SaucedemoStepDefinition.iSelectRemove(SaucedemoStepDefinition.java:66)&#13;
worker.org.gradle.process.internal.worker.GradleWorkerMain.run(GradleWorkerMain.java:69)&#13;
worker.org.gradle.process.internal.worker.GradleWorkerMain.main(GradleWorkerMain.java:74)&#13;
</system-err></testcase></testsuite>